# JRE version: OpenJDK Runtime Environment Corretto-11.0.13.8.1 (11.0.13+8) (build 11.0.13+8-LTS)
# Java VM: OpenJDK 64-Bit Server VM Corretto-11.0.13.8.1 (11.0.13+8-LTS, mixed mode, tiered, compressed oops, g1 gc, windows-amd64)
Heap:
 garbage-first heap   total 155648K, used 56110K [0x0000000080000000, 0x0000000100000000)
  region size 1024K, 4 young (4096K), 4 survivors (4096K)
 Metaspace       used 43650K, capacity 44612K, committed 45008K, reserved 1089536K
  class space    used 5373K, capacity 5699K, committed 5840K, reserved 1048576K
GC Heap History (20 events):
Event: 18.891 GC heap after
{Heap after GC invocations=18 (full 0):
 garbage-first heap   total 129024K, used 55416K [0x0000000080000000, 0x0000000100000000)
  region size 1024K, 8 young (8192K), 8 survivors (8192K)
 Metaspace       used 43670K, capacity 44640K, committed 45008K, reserved 1089536K
  class space    used 5380K, capacity 5707K, committed 5840K, reserved 1048576K
}
Event: 19.226 GC heap before
{Heap before GC invocations=18 (full 0):
 garbage-first heap   total 129024K, used 105592K [0x0000000080000000, 0x0000000100000000)
  region size 1024K, 57 young (58368K), 8 survivors (8192K)
 Metaspace       used 43670K, capacity 44640K, committed 45008K, reserved 1089536K
  class space    used 5380K, capacity 5707K, committed 5840K, reserved 1048576K
}
Event: 19.234 GC heap after
{Heap after GC invocations=19 (full 0):
 garbage-first heap   total 129024K, used 56671K [0x0000000080000000, 0x0000000100000000)
  region size 1024K, 2 young (2048K), 2 survivors (2048K)
 Metaspace       used 43670K, capacity 44640K, committed 45008K, reserved 1089536K
  class space    used 5380K, capacity 5707K, committed 5840K, reserved 1048576K
}
Event: 19.582 GC heap before
{Heap before GC invocations=19 (full 0):
 garbage-first heap   total 129024K, used 105823K [0x0000000080000000, 0x0000000100000000)
  region size 1024K, 50 young (51200K), 2 survivors (2048K)
 Metaspace       used 43670K, capacity 44640K, committed 45008K, reserved 1089536K
  class space    used 5380K, capacity 5707K, committed 5840K, reserved 1048576K
}
Event: 19.584 GC heap after
{Heap after GC invocations=20 (full 0):
 garbage-first heap   total 129024K, used 56890K [0x0000000080000000, 0x0000000100000000)
  region size 1024K, 2 young (2048K), 2 survivors (2048K)
 Metaspace       used 43670K, capacity 44640K, committed 45008K, reserved 1089536K
  class space    used 5380K, capacity 5707K, committed 5840K, reserved 1048576K
}
Event: 19.683 GC heap before
{Heap before GC invocations=20 (full 0):
 garbage-first heap   total 129024K, used 70202K [0x0000000080000000, 0x0000000100000000)
  region size 1024K, 15 young (15360K), 2 survivors (2048K)
 Metaspace       used 43670K, capacity 44640K, committed 45008K, reserved 1089536K
  class space    used 5380K, capacity 5707K, committed 5840K, reserved 1048576K
}
Event: 19.685 GC heap after
{Heap after GC invocations=21 (full 0):
 garbage-first heap   total 129024K, used 56739K [0x0000000080000000, 0x0000000100000000)
  region size 1024K, 2 young (2048K), 2 survivors (2048K)
 Metaspace       used 43670K, capacity 44640K, committed 45008K, reserved 1089536K
  class space    used 5380K, capacity 5707K, committed 5840K, reserved 1048576K
}
Event: 20.149 GC heap before
{Heap before GC invocations=22 (full 0):
 garbage-first heap   total 129024K, used 109987K [0x0000000080000000, 0x0000000100000000)
  region size 1024K, 50 young (51200K), 2 survivors (2048K)
 Metaspace       used 43650K, capacity 44612K, committed 45008K, reserved 1089536K
  class space    used 5373K, capacity 5699K, committed 5840K, reserved 1048576K
}
Event: 20.152 GC heap after
{Heap after GC invocations=23 (full 0):
 garbage-first heap   total 129024K, used 57680K [0x0000000080000000, 0x0000000100000000)
  region size 1024K, 3 young (3072K), 3 survivors (3072K)
 Metaspace       used 43650K, capacity 44612K, committed 45008K, reserved 1089536K
  class space    used 5373K, capacity 5699K, committed 5840K, reserved 1048576K
}
Event: 20.350 GC heap before
{Heap before GC invocations=23 (full 0):
 garbage-first heap   total 129024K, used 106832K [0x0000000080000000, 0x0000000100000000)
  region size 1024K, 51 young (52224K), 3 survivors (3072K)
 Metaspace       used 43650K, capacity 44612K, committed 45008K, reserved 1089536K
  class space    used 5373K, capacity 5699K, committed 5840K, reserved 1048576K
}
Event: 20.353 GC heap after
{Heap after GC invocations=24 (full 0):
 garbage-first heap   total 129024K, used 58260K [0x0000000080000000, 0x0000000100000000)
  region size 1024K, 3 young (3072K), 3 survivors (3072K)
 Metaspace       used 43650K, capacity 44612K, committed 45008K, reserved 1089536K
  class space    used 5373K, capacity 5699K, committed 5840K, reserved 1048576K
}
Event: 20.629 GC heap before
{Heap before GC invocations=24 (full 0):
 garbage-first heap   total 129024K, used 108436K [0x0000000080000000, 0x0000000100000000)
  region size 1024K, 52 young (53248K), 3 survivors (3072K)
 Metaspace       used 43650K, capacity 44612K, committed 45008K, reserved 1089536K
  class space    used 5373K, capacity 5699K, committed 5840K, reserved 1048576K
}
Event: 20.632 GC heap after
{Heap after GC invocations=25 (full 0):
 garbage-first heap   total 129024K, used 58495K [0x0000000080000000, 0x0000000100000000)
  region size 1024K, 3 young (3072K), 3 survivors (3072K)
 Metaspace       used 43650K, capacity 44612K, committed 45008K, reserved 1089536K
  class space    used 5373K, capacity 5699K, committed 5840K, reserved 1048576K
}
Event: 20.917 GC heap before
{Heap before GC invocations=25 (full 0):
 garbage-first heap   total 129024K, used 108671K [0x0000000080000000, 0x0000000100000000)
  region size 1024K, 52 young (53248K), 3 survivors (3072K)
 Metaspace       used 43650K, capacity 44612K, committed 45008K, reserved 1089536K
  class space    used 5373K, capacity 5699K, committed 5840K, reserved 1048576K
}
Event: 20.921 GC heap after
{Heap after GC invocations=26 (full 0):
 garbage-first heap   total 129024K, used 58931K [0x0000000080000000, 0x0000000100000000)
  region size 1024K, 4 young (4096K), 4 survivors (4096K)
 Metaspace       used 43650K, capacity 44612K, committed 45008K, reserved 1089536K
  class space    used 5373K, capacity 5699K, committed 5840K, reserved 1048576K
}
Event: 21.196 GC heap before
{Heap before GC invocations=26 (full 0):
 garbage-first heap   total 129024K, used 109107K [0x0000000080000000, 0x0000000100000000)
  region size 1024K, 53 young (54272K), 4 survivors (4096K)
 Metaspace       used 43650K, capacity 44612K, committed 45008K, reserved 1089536K
  class space    used 5373K, capacity 5699K, committed 5840K, reserved 1048576K
}
Event: 21.201 GC heap after
{Heap after GC invocations=27 (full 0):
 garbage-first heap   total 129024K, used 59488K [0x0000000080000000, 0x0000000100000000)
  region size 1024K, 4 young (4096K), 4 survivors (4096K)
 Metaspace       used 43650K, capacity 44612K, committed 45008K, reserved 1089536K
  class space    used 5373K, capacity 5699K, committed 5840K, reserved 1048576K
}
Event: 21.450 GC heap before
{Heap before GC invocations=27 (full 0):
 garbage-first heap   total 129024K, used 109664K [0x0000000080000000, 0x0000000100000000)
  region size 1024K, 53 young (54272K), 4 survivors (4096K)
 Metaspace       used 43650K, capacity 44612K, committed 45008K, reserved 1089536K
  class space    used 5373K, capacity 5699K, committed 5840K, reserved 1048576K
}
Event: 21.455 GC heap after
{Heap after GC invocations=28 (full 0):
 garbage-first heap   total 129024K, used 59890K [0x0000000080000000, 0x0000000100000000)
  region size 1024K, 5 young (5120K), 5 survivors (5120K)
 Metaspace       used 43650K, capacity 44612K, committed 45008K, reserved 1089536K
  class space    used 5373K, capacity 5699K, committed 5840K, reserved 1048576K
}
Event: 21.865 GC heap before
{Heap before GC invocations=28 (full 0):
 garbage-first heap   total 129024K, used 109042K [0x0000000080000000, 0x0000000100000000)
  region size 1024K, 53 young (54272K), 5 survivors (5120K)
 Metaspace       used 43650K, capacity 44612K, committed 45008K, reserved 1089536K
  class space    used 5373K, capacity 5699K, committed 5840K, reserved 1048576K
}

